<?xml version="1.0" encoding="UTF-8"?>
<testsuite name="io.swagger.petstore.cucumber.CucumberRunner" time="0.213" tests="16" errors="0" skipped="0" failures="0">
  <properties>
[...]
</properties>
  <testcase name="Given User application is running" classname="| 521 | test001 | pdd | marko | mar@example.com | prime123 | 4252524152 | 85 |" time="0"/>
  <testcase name="When I create new user by providing the information id &quot;521&quot; username &quot;test001&quot; firstname &quot;pdd&quot; lastname &quot;marko&quot; email &quot;mar@example.com&quot; password &quot;prime123&quot; phone &quot;4252524152&quot; status &quot;85&quot;" classname="| 521 | test001 | pdd | marko | mar@example.com | prime123 | 4252524152 | 85 |" time="0"/>
  <testcase name="Then I verify that the user is created with &quot;test001&quot;" classname="| 521 | test001 | pdd | marko | mar@example.com | prime123 | 4252524152 | 85 |" time="0"/>
  <testcase name="And I update user with username &quot;test001&quot;" classname="| 521 | test001 | pdd | marko | mar@example.com | prime123 | 4252524152 | 85 |" time="0"/>
  <testcase name="And I verify that user is updated" classname="| 521 | test001 | pdd | marko | mar@example.com | prime123 | 4252524152 | 85 |" time="0"/>
  <testcase name="And I delete user that created" classname="| 521 | test001 | pdd | marko | mar@example.com | prime123 | 4252524152 | 85 |" time="0"/>
  <testcase name="Then I verify user is deleted" classname="| 521 | test001 | pdd | marko | mar@example.com | prime123 | 4252524152 | 85 |" time="0"/>
  <testcase name="| 521 | test001 | pdd | marko | mar@example.com | prime123 | 4252524152 | 85 |" classname="| 521 | test001 | pdd | marko | mar@example.com | prime123 | 4252524152 | 85 |" time="0.005"/>
  <testcase name="Given User application is running" classname="| 585 | test005 | Kdd | jocopo | joc@example.com | prad123 | 5236251484 | 52 |" time="0"/>
  <testcase name="When I create new user by providing the information id &quot;585&quot; username &quot;test005&quot; firstname &quot;Kdd&quot; lastname &quot;jocopo&quot; email &quot;joc@example.com&quot; password &quot;prad123&quot; phone &quot;5236251484&quot; status &quot;52&quot;" classname="| 585 | test005 | Kdd | jocopo | joc@example.com | prad123 | 5236251484 | 52 |" time="0"/>
  <testcase name="Then I verify that the user is created with &quot;test005&quot;" classname="| 585 | test005 | Kdd | jocopo | joc@example.com | prad123 | 5236251484 | 52 |" time="0"/>
  <testcase name="And I update user with username &quot;test005&quot;" classname="| 585 | test005 | Kdd | jocopo | joc@example.com | prad123 | 5236251484 | 52 |" time="0"/>
  <testcase name="And I verify that user is updated" classname="| 585 | test005 | Kdd | jocopo | joc@example.com | prad123 | 5236251484 | 52 |" time="0"/>
  <testcase name="And I delete user that created" classname="| 585 | test005 | Kdd | jocopo | joc@example.com | prad123 | 5236251484 | 52 |" time="0"/>
  <testcase name="Then I verify user is deleted" classname="| 585 | test005 | Kdd | jocopo | joc@example.com | prad123 | 5236251484 | 52 |" time="0"/>
  <testcase name="| 585 | test005 | Kdd | jocopo | joc@example.com | prad123 | 5236251484 | 52 |" classname="| 585 | test005 | Kdd | jocopo | joc@example.com | prad123 | 5236251484 | 52 |" time="0.208"/>
</testsuite>