<?xml version="1.0" encoding="UTF-8"?><testsuite errors="0" failures="0" name="Testing user features on swagger application" skipped="0" tests="4" time="2.35" timestamp="2023-01-11T14:32:48.615Z[Europe/London]"><testcase name="I created a new user and verify if the user is added on the application"/><testcase name="I get a new user was added successfully"/><testcase name="I update the new created user from the application"/><testcase name="I delete created user from the application"/></testsuite>