<?xml version="1.0" encoding="UTF-8"?><testsuite errors="1" failures="1" name="Testing pets features on swagger application" skipped="0" tests="4" time="8.67" timestamp="2023-01-11T14:32:38.564Z[Europe/London]"><testcase name="I created a new pets and verify if the pets is added on the application"/><testcase name="I get a new pets was added successfully"/><testcase name="I update the new created pets from the application"><error message="Arity mismatch: Step Definition 'io.swagger.petstore.cucumber.steps.MyStepdefs_pets.iUpdatePetWithStatuse(String,String,String,String,String) in file:/C:/Users/44744/IdeaProjects/petsotre-serenity-cucumber-pradipkakadiya-08-01-2023/target/test-classes/' with pattern [^I Update Pet With Statuse$] is declared with 5 parameters. However, the gherkin step has 0 arguments []. &#10;Step: When I Update Pet With Statuse" type="cucumber.runtime.CucumberException">Arity mismatch: Step Definition 'io.swagger.petstore.cucumber.steps.MyStepdefs_pets.iUpdatePetWithStatuse(String,String,String,String,String) in file:/C:/Users/44744/IdeaProjects/petsotre-serenity-cucumber-pradipkakadiya-08-01-2023/target/test-classes/' with pattern [^I Update Pet With Statuse$] is declared with 5 parameters. However, the gherkin step has 0 arguments []. 
Step: When I Update Pet With Statuse</error><system-err>Arity mismatch: Step Definition 'io.swagger.petstore.cucumber.steps.MyStepdefs_pets.iUpdatePetWithStatuse(String,String,String,String,String) in file:/C:/Users/44744/IdeaProjects/petsotre-serenity-cucumber-pradipkakadiya-08-01-2023/target/test-classes/' with pattern [^I Update Pet With Statuse$] is declared with 5 parameters. However, the gherkin step has 0 arguments []. 
Step: When I Update Pet With Statuse&#13;
</system-err></testcase><testcase name="I delete created pets from the application"><failure message="1 expectation failed.&#10;Expected status code &lt;404&gt; but was &lt;200&gt;.&#10;" type="java.lang.AssertionError">1 expectation failed.
Expected status code &lt;404&gt; but was &lt;200&gt;.
</failure><system-err>1 expectation failed.
Expected status code &lt;404&gt; but was &lt;200&gt;.
&#13;
io.restassured.internal.ResponseSpecificationImpl.validateResponseIfRequired(ResponseSpecificationImpl.groovy:636)&#13;
io.restassured.internal.ResponseSpecificationImpl.statusCode(ResponseSpecificationImpl.groovy:122)&#13;
io.restassured.internal.ResponseSpecificationImpl.statusCode(ResponseSpecificationImpl.groovy:130)&#13;
io.restassured.internal.ValidatableResponseOptionsImpl.statusCode(ValidatableResponseOptionsImpl.java:117)&#13;
io.swagger.petstore.cucumber.steps.MyStepdefs_pets.iVerifyPetsIsDeletede(MyStepdefs_pets.java:105)&#13;
âœ½.Then I verify pets is deletede(pets.feature:18)&#13;
</system-err></testcase></testsuite>